<?xml version="1.0" encoding="UTF-8"?>
<testng-results skipped="0" failed="0" ignored="0" total="1" passed="1">
  <reporter-output>
  </reporter-output>
  <suite name="Default suite" duration-ms="6098" started-at="2021-03-15T13:27:32 EDT" finished-at="2021-03-15T13:27:38 EDT">
    <groups>
    </groups>
    <test name="Default test" duration-ms="6098" started-at="2021-03-15T13:27:32 EDT" finished-at="2021-03-15T13:27:38 EDT">
      <class name="javascriptexecutor.Scroll_Downusing">
        <test-method status="PASS" signature="scroll_down_usin_javascript_executor()[pri:0, instance:javascriptexecutor.Scroll_Downusing@7a9273a8]" name="scroll_down_usin_javascript_executor" duration-ms="6040" started-at="2021-03-15T13:27:32 EDT" finished-at="2021-03-15T13:27:38 EDT">
          <reporter-output>
          </reporter-output>
        </test-method> <!-- scroll_down_usin_javascript_executor -->
      </class> <!-- javascriptexecutor.Scroll_Downusing -->
    </test> <!-- Default test -->
  </suite> <!-- Default suite -->
</testng-results>
